{
  "stats": {
    "suites": 4,
    "tests": 13,
    "passes": 12,
    "pending": 0,
    "failures": 1,
    "testsRegistered": 13,
    "passPercent": 92.3076923076923,
    "pendingPercent": 0,
    "other": 0,
    "hasOther": false,
    "skipped": 0,
    "hasSkipped": false,
    "start": "2026-02-24T01:21:22.270Z",
    "end": "2026-02-24T01:21:33.592Z",
    "duration": 11322
  },
  "results": [
    {
      "uuid": "b51f7c20-9df6-4f93-af95-1cbd9b551052",
      "title": "",
      "fullFile": "cypress\\e2e\\carts.cy.js",
      "file": "cypress\\e2e\\carts.cy.js",
      "beforeHooks": [],
      "afterHooks": [],
      "tests": [],
      "suites": [
        {
          "uuid": "dcd13caa-05a2-4f8a-9e52-351630c3cf14",
          "title": "Fake Store API - Carts",
          "fullFile": "",
          "file": "",
          "beforeHooks": [],
          "afterHooks": [],
          "tests": [
            {
              "title": "[GET /carts/user/:id] Validate carts payload for a user",
              "fullTitle": "Fake Store API - Carts [GET /carts/user/:id] Validate carts payload for a user",
              "timedOut": null,
              "duration": 447,
              "state": "passed",
              "speed": "fast",
              "pass": true,
              "fail": false,
              "pending": false,
              "context": null,
              "code": "cy.getCartsByUserId(_testData.default.carts.validUserId).then(response => {\n  expect(response.status).to.equal(200);\n  expect(response.body).to.be.an('array');\n  response.body.forEach(cart => {\n    expect(cart).to.have.property('id');\n    expect(cart).to.have.property('userId', _testData.default.carts.validUserId);\n    expect(cart).to.have.property('date');\n    expect(cart).to.have.property('products');\n    expect(cart.products).to.be.an('array');\n  });\n});",
              "err": {},
              "uuid": "9508c6be-a72f-46fa-9ddb-85618d957bd6",
              "parentUUID": "dcd13caa-05a2-4f8a-9e52-351630c3cf14",
              "isHook": false,
              "skipped": false
            },
            {
              "title": "[GET /carts/user/:id] Return 400 for invalid user id format (negative)",
              "fullTitle": "Fake Store API - Carts [GET /carts/user/:id] Return 400 for invalid user id format (negative)",
              "timedOut": null,
              "duration": 350,
              "state": "passed",
              "speed": "fast",
              "pass": true,
              "fail": false,
              "pending": false,
              "context": null,
              "code": "cy.getCartsByUserId(_testData.default.carts.invalidUserIdFormat, {\n  failOnStatusCode: false\n}).then(response => {\n  expect(response.status).to.equal(400);\n});",
              "err": {},
              "uuid": "a03caa77-64e0-42d9-b401-7fe386be2039",
              "parentUUID": "dcd13caa-05a2-4f8a-9e52-351630c3cf14",
              "isHook": false,
              "skipped": false
            }
          ],
          "suites": [],
          "passes": [
            "9508c6be-a72f-46fa-9ddb-85618d957bd6",
            "a03caa77-64e0-42d9-b401-7fe386be2039"
          ],
          "failures": [],
          "pending": [],
          "skipped": [],
          "duration": 797,
          "root": false,
          "rootEmpty": false,
          "_timeout": 2000
        }
      ],
      "passes": [],
      "failures": [],
      "pending": [],
      "skipped": [],
      "duration": 0,
      "root": true,
      "rootEmpty": true,
      "_timeout": 2000
    },
    {
      "uuid": "38ac7b6b-02bb-4eb5-8271-8fe7a15b419e",
      "title": "",
      "fullFile": "cypress\\e2e\\products.cy.js",
      "file": "cypress\\e2e\\products.cy.js",
      "beforeHooks": [],
      "afterHooks": [],
      "tests": [],
      "suites": [
        {
          "uuid": "d417f04f-1b15-4e8c-9ca0-6e906a3a9e62",
          "title": "Fake Store API - Products",
          "fullFile": "",
          "file": "",
          "beforeHooks": [],
          "afterHooks": [],
          "tests": [
            {
              "title": "[GET /products] Validate products endpoint contract",
              "fullTitle": "Fake Store API - Products [GET /products] Validate products endpoint contract",
              "timedOut": null,
              "duration": 376,
              "state": "passed",
              "speed": "fast",
              "pass": true,
              "fail": false,
              "pending": false,
              "context": null,
              "code": "cy.getProducts().then(response => {\n  var _error$details;\n  expect(response.status).to.equal(200);\n  const {\n    error\n  } = _productsContract.default.validate(response.body, {\n    abortEarly: false\n  });\n  expect(error, error === null || error === void 0 || (_error$details = error.details) === null || _error$details === void 0 ? void 0 : _error$details.map(detail => detail.message).join(' | ')).to.be.undefined;\n  cy.log('List of products:');\n  cy.log(response.body);\n});",
              "err": {},
              "uuid": "b781dfa1-0540-47e0-908f-de6dd99c3d58",
              "parentUUID": "d417f04f-1b15-4e8c-9ca0-6e906a3a9e62",
              "isHook": false,
              "skipped": false
            },
            {
              "title": "[GET /products] Get list of electronic products",
              "fullTitle": "Fake Store API - Products [GET /products] Get list of electronic products",
              "timedOut": null,
              "duration": 478,
              "state": "passed",
              "speed": "fast",
              "pass": true,
              "fail": false,
              "pending": false,
              "context": null,
              "code": "cy.getProducts().then(response => {\n  expect(response.status).to.equal(200);\n  const electronicProducts = _productsActions.default.getProductsByCategory(response.body, _testData.default.products.category);\n  expect(electronicProducts.length).to.be.at.least(_testData.default.products.minElectronicProducts);\n  electronicProducts.forEach(product => {\n    expect(product).to.have.property('rating');\n    expect(product.rating).to.have.property('rate');\n    expect(product.rating.rate).to.be.a('number');\n  });\n  cy.log('List of electronic products:');\n  cy.log(electronicProducts);\n});",
              "err": {},
              "uuid": "e8af4d2a-eca9-4763-8573-d5d78d151bee",
              "parentUUID": "d417f04f-1b15-4e8c-9ca0-6e906a3a9e62",
              "isHook": false,
              "skipped": false
            },
            {
              "title": "[GET /products] Validate quantity of electronic products with rating.rate > 4",
              "fullTitle": "Fake Store API - Products [GET /products] Validate quantity of electronic products with rating.rate > 4",
              "timedOut": null,
              "duration": 276,
              "state": "passed",
              "speed": "fast",
              "pass": true,
              "fail": false,
              "pending": false,
              "context": null,
              "code": "cy.getProducts().then(response => {\n  expect(response.status).to.equal(200);\n  const countProduct = response.body.filter(product => product.category === 'electronics' && product.rating && typeof product.rating.rate === 'number' && product.rating.rate > 4).length;\n  expect(countProduct).to.be.at.least(_testData.default.products.minElectronicProductsWithRateAbove4);\n});",
              "err": {},
              "uuid": "8df63ee5-60f0-4dc6-a95a-fd7e82129c57",
              "parentUUID": "d417f04f-1b15-4e8c-9ca0-6e906a3a9e62",
              "isHook": false,
              "skipped": false
            },
            {
              "title": "[GET /products/:id] Validate a single product contract",
              "fullTitle": "Fake Store API - Products [GET /products/:id] Validate a single product contract",
              "timedOut": null,
              "duration": 265,
              "state": "passed",
              "speed": "fast",
              "pass": true,
              "fail": false,
              "pending": false,
              "context": null,
              "code": "cy.getProductById(_testData.default.products.validProductId).then(response => {\n  var _error$details2;\n  expect(response.status).to.equal(200);\n  const {\n    error\n  } = _productsContract.productItemSchema.validate(response.body, {\n    abortEarly: false\n  });\n  expect(error, error === null || error === void 0 || (_error$details2 = error.details) === null || _error$details2 === void 0 ? void 0 : _error$details2.map(detail => detail.message).join(' | ')).to.be.undefined;\n  expect(response.body.id).to.equal(_testData.default.products.validProductId);\n});",
              "err": {},
              "uuid": "9467110b-3c2c-44ec-b143-4e9a92397308",
              "parentUUID": "d417f04f-1b15-4e8c-9ca0-6e906a3a9e62",
              "isHook": false,
              "skipped": false
            },
            {
              "title": "[GET /products/categories] Validate available categories",
              "fullTitle": "Fake Store API - Products [GET /products/categories] Validate available categories",
              "timedOut": null,
              "duration": 288,
              "state": "passed",
              "speed": "fast",
              "pass": true,
              "fail": false,
              "pending": false,
              "context": null,
              "code": "cy.getProductCategories().then(response => {\n  expect(response.status).to.equal(200);\n  expect(response.body).to.be.an('array').and.not.to.be.empty;\n  expect(response.body).to.include(_testData.default.products.category);\n});",
              "err": {},
              "uuid": "d81268fa-e064-4fef-bb6d-42d8e5f209de",
              "parentUUID": "d417f04f-1b15-4e8c-9ca0-6e906a3a9e62",
              "isHook": false,
              "skipped": false
            },
            {
              "title": "[GET /products?limit=5] Return the requested amount of products",
              "fullTitle": "Fake Store API - Products [GET /products?limit=5] Return the requested amount of products",
              "timedOut": null,
              "duration": 333,
              "state": "passed",
              "speed": "fast",
              "pass": true,
              "fail": false,
              "pending": false,
              "context": null,
              "code": "cy.getProductsWithQuery({\n  limit: _testData.default.products.limit\n}).then(response => {\n  expect(response.status).to.equal(200);\n  expect(response.body).to.be.an('array').and.to.have.length(_testData.default.products.limit);\n});",
              "err": {},
              "uuid": "f2f76790-a9ab-4ddc-b6be-87ec4885cff7",
              "parentUUID": "d417f04f-1b15-4e8c-9ca0-6e906a3a9e62",
              "isHook": false,
              "skipped": false
            },
            {
              "title": "[GET /products?sort=desc] Return products sorted by id in descending order",
              "fullTitle": "Fake Store API - Products [GET /products?sort=desc] Return products sorted by id in descending order",
              "timedOut": null,
              "duration": 278,
              "state": "passed",
              "speed": "fast",
              "pass": true,
              "fail": false,
              "pending": false,
              "context": null,
              "code": "cy.getProductsWithQuery({\n  sort: _testData.default.products.sort\n}).then(response => {\n  expect(response.status).to.equal(200);\n  expect(response.body).to.be.an('array').and.not.to.be.empty;\n  const ids = response.body.map(product => product.id);\n  const sortedDesc = [...ids].sort((a, b) => b - a);\n  expect(ids).to.deep.equal(sortedDesc);\n});",
              "err": {},
              "uuid": "4731b538-3711-47a3-bb14-e22331d7b188",
              "parentUUID": "d417f04f-1b15-4e8c-9ca0-6e906a3a9e62",
              "isHook": false,
              "skipped": false
            }
          ],
          "suites": [],
          "passes": [
            "b781dfa1-0540-47e0-908f-de6dd99c3d58",
            "e8af4d2a-eca9-4763-8573-d5d78d151bee",
            "8df63ee5-60f0-4dc6-a95a-fd7e82129c57",
            "9467110b-3c2c-44ec-b143-4e9a92397308",
            "d81268fa-e064-4fef-bb6d-42d8e5f209de",
            "f2f76790-a9ab-4ddc-b6be-87ec4885cff7",
            "4731b538-3711-47a3-bb14-e22331d7b188"
          ],
          "failures": [],
          "pending": [],
          "skipped": [],
          "duration": 2294,
          "root": false,
          "rootEmpty": false,
          "_timeout": 2000
        }
      ],
      "passes": [],
      "failures": [],
      "pending": [],
      "skipped": [],
      "duration": 0,
      "root": true,
      "rootEmpty": true,
      "_timeout": 2000
    },
    {
      "uuid": "adefc790-4813-4d22-92fd-5e9f96650a4e",
      "title": "",
      "fullFile": "cypress\\e2e\\users.cy.js",
      "file": "cypress\\e2e\\users.cy.js",
      "beforeHooks": [],
      "afterHooks": [],
      "tests": [],
      "suites": [
        {
          "uuid": "a090f15f-6f95-4241-bcf9-e3d29c9560c0",
          "title": "Fake Store API - Users",
          "fullFile": "",
          "file": "",
          "beforeHooks": [],
          "afterHooks": [],
          "tests": [
            {
              "title": "[GET /users/:id] Validate a single user contract",
              "fullTitle": "Fake Store API - Users [GET /users/:id] Validate a single user contract",
              "timedOut": null,
              "duration": 391,
              "state": "passed",
              "speed": "fast",
              "pass": true,
              "fail": false,
              "pending": false,
              "context": null,
              "code": "cy.getUserById(_testData.default.users.validUserId).then(response => {\n  var _error$details;\n  expect(response.status).to.equal(200);\n  const {\n    error\n  } = _usersContract.userSchema.validate(response.body, {\n    abortEarly: false\n  });\n  expect(error, error === null || error === void 0 || (_error$details = error.details) === null || _error$details === void 0 ? void 0 : _error$details.map(detail => detail.message).join(' | ')).to.be.undefined;\n  expect(response.body.id).to.equal(_testData.default.users.validUserId);\n});",
              "err": {},
              "uuid": "ac7c3c49-4a3c-468e-b52b-be2b12f286b4",
              "parentUUID": "a090f15f-6f95-4241-bcf9-e3d29c9560c0",
              "isHook": false,
              "skipped": false
            },
            {
              "title": "[GET /users/:id] Return 400 for invalid user id format (negative)",
              "fullTitle": "Fake Store API - Users [GET /users/:id] Return 400 for invalid user id format (negative)",
              "timedOut": null,
              "duration": 252,
              "state": "passed",
              "speed": "fast",
              "pass": true,
              "fail": false,
              "pending": false,
              "context": null,
              "code": "cy.getUserById(_testData.default.users.invalidUserIdFormat, {\n  failOnStatusCode: false\n}).then(response => {\n  expect(response.status).to.equal(400);\n});",
              "err": {},
              "uuid": "98f2b418-7d38-416c-b70d-0f1d510b2d67",
              "parentUUID": "a090f15f-6f95-4241-bcf9-e3d29c9560c0",
              "isHook": false,
              "skipped": false
            }
          ],
          "suites": [],
          "passes": [
            "ac7c3c49-4a3c-468e-b52b-be2b12f286b4",
            "98f2b418-7d38-416c-b70d-0f1d510b2d67"
          ],
          "failures": [],
          "pending": [],
          "skipped": [],
          "duration": 643,
          "root": false,
          "rootEmpty": false,
          "_timeout": 2000
        }
      ],
      "passes": [],
      "failures": [],
      "pending": [],
      "skipped": [],
      "duration": 0,
      "root": true,
      "rootEmpty": true,
      "_timeout": 2000
    },
    {
      "uuid": "512cf55f-d4a8-4a2c-afaa-74c6cf9bd2c3",
      "title": "",
      "fullFile": "cypress\\e2e\\auth.cy.js",
      "file": "cypress\\e2e\\auth.cy.js",
      "beforeHooks": [],
      "afterHooks": [],
      "tests": [],
      "suites": [
        {
          "uuid": "d6a9cf87-ed28-4b5a-bc25-a4f10f3994da",
          "title": "Fake Store API - Auth",
          "fullFile": "",
          "file": "",
          "beforeHooks": [],
          "afterHooks": [],
          "tests": [
            {
              "title": "[POST /auth/login] Return token for valid credentials",
              "fullTitle": "Fake Store API - Auth [POST /auth/login] Return token for valid credentials",
              "timedOut": null,
              "duration": 1313,
              "state": "failed",
              "speed": null,
              "pass": false,
              "fail": true,
              "pending": false,
              "context": null,
              "code": "cy.login(_testData.default.auth.validCredentials).then(response => {\n  var _error$details;\n  expect(response.status).to.equal(200);\n  const {\n    error\n  } = _authContract.loginSuccessSchema.validate(response.body, {\n    abortEarly: false\n  });\n  expect(error, error === null || error === void 0 || (_error$details = error.details) === null || _error$details === void 0 ? void 0 : _error$details.map(detail => detail.message).join(' | ')).to.be.undefined;\n});",
              "err": {
                "message": "AssertionError: expected 201 to equal 200",
                "estack": "AssertionError: expected 201 to equal 200\n    at Context.eval (webpack:///../e2e/auth.cy.js:7:33)\n    at getRet (https://fakestoreapi.com/__cypress/runner/cypress_runner.js:122807:20)\n    at tryCatcher (https://fakestoreapi.com/__cypress/runner/cypress_runner.js:1777:23)\n    at Promise.attempt.Promise.try (https://fakestoreapi.com/__cypress/runner/cypress_runner.js:4285:29)\n    at Context.thenFn (https://fakestoreapi.com/__cypress/runner/cypress_runner.js:122818:66)\n    at Context.then (https://fakestoreapi.com/__cypress/runner/cypress_runner.js:123069:21)",
                "diff": "- 201\n+ 200\n"
              },
              "uuid": "0bd36c14-682d-4dbe-9ee8-23c081f0252b",
              "parentUUID": "d6a9cf87-ed28-4b5a-bc25-a4f10f3994da",
              "isHook": false,
              "skipped": false
            },
            {
              "title": "[POST /auth/login] Reject invalid credentials (negative)",
              "fullTitle": "Fake Store API - Auth [POST /auth/login] Reject invalid credentials (negative)",
              "timedOut": null,
              "duration": 472,
              "state": "passed",
              "speed": "fast",
              "pass": true,
              "fail": false,
              "pending": false,
              "context": null,
              "code": "cy.login(_testData.default.auth.invalidCredentials, {\n  failOnStatusCode: false\n}).then(response => {\n  expect(response.status).to.be.oneOf([400, 401]);\n});",
              "err": {},
              "uuid": "490ef99b-5b8f-4ad8-9e36-1b7c6d311f27",
              "parentUUID": "d6a9cf87-ed28-4b5a-bc25-a4f10f3994da",
              "isHook": false,
              "skipped": false
            }
          ],
          "suites": [],
          "passes": [
            "490ef99b-5b8f-4ad8-9e36-1b7c6d311f27"
          ],
          "failures": [
            "0bd36c14-682d-4dbe-9ee8-23c081f0252b"
          ],
          "pending": [],
          "skipped": [],
          "duration": 1785,
          "root": false,
          "rootEmpty": false,
          "_timeout": 2000
        }
      ],
      "passes": [],
      "failures": [],
      "pending": [],
      "skipped": [],
      "duration": 0,
      "root": true,
      "rootEmpty": true,
      "_timeout": 2000
    }
  ],
  "meta": {
    "mocha": {
      "version": "7.2.0"
    },
    "mochawesome": {
      "options": {
        "quiet": false,
        "reportFilename": "mochawesome",
        "saveHtml": false,
        "saveJson": true,
        "consoleReporter": "spec",
        "useInlineDiffs": false,
        "code": true
      },
      "version": "7.1.4"
    },
    "marge": {
      "options": {
        "reportDir": "cypress/reports",
        "overwrite": false,
        "html": false,
        "json": true,
        "charts": true
      },
      "version": "6.3.2"
    }
  }
}