{
  "stats": {
    "suites": 1,
    "tests": 2,
    "passes": 2,
    "pending": 0,
    "failures": 0,
    "start": "2026-02-24T01:21:32.878Z",
    "end": "2026-02-24T01:21:33.592Z",
    "duration": 714,
    "testsRegistered": 2,
    "passPercent": 100,
    "pendingPercent": 0,
    "other": 0,
    "hasOther": false,
    "skipped": 0,
    "hasSkipped": false
  },
  "results": [
    {
      "uuid": "adefc790-4813-4d22-92fd-5e9f96650a4e",
      "title": "",
      "fullFile": "cypress\\e2e\\users.cy.js",
      "file": "cypress\\e2e\\users.cy.js",
      "beforeHooks": [],
      "afterHooks": [],
      "tests": [],
      "suites": [
        {
          "uuid": "a090f15f-6f95-4241-bcf9-e3d29c9560c0",
          "title": "Fake Store API - Users",
          "fullFile": "",
          "file": "",
          "beforeHooks": [],
          "afterHooks": [],
          "tests": [
            {
              "title": "[GET /users/:id] Validate a single user contract",
              "fullTitle": "Fake Store API - Users [GET /users/:id] Validate a single user contract",
              "timedOut": null,
              "duration": 391,
              "state": "passed",
              "speed": "fast",
              "pass": true,
              "fail": false,
              "pending": false,
              "context": null,
              "code": "cy.getUserById(_testData.default.users.validUserId).then(response => {\n  var _error$details;\n  expect(response.status).to.equal(200);\n  const {\n    error\n  } = _usersContract.userSchema.validate(response.body, {\n    abortEarly: false\n  });\n  expect(error, error === null || error === void 0 || (_error$details = error.details) === null || _error$details === void 0 ? void 0 : _error$details.map(detail => detail.message).join(' | ')).to.be.undefined;\n  expect(response.body.id).to.equal(_testData.default.users.validUserId);\n});",
              "err": {},
              "uuid": "ac7c3c49-4a3c-468e-b52b-be2b12f286b4",
              "parentUUID": "a090f15f-6f95-4241-bcf9-e3d29c9560c0",
              "isHook": false,
              "skipped": false
            },
            {
              "title": "[GET /users/:id] Return 400 for invalid user id format (negative)",
              "fullTitle": "Fake Store API - Users [GET /users/:id] Return 400 for invalid user id format (negative)",
              "timedOut": null,
              "duration": 252,
              "state": "passed",
              "speed": "fast",
              "pass": true,
              "fail": false,
              "pending": false,
              "context": null,
              "code": "cy.getUserById(_testData.default.users.invalidUserIdFormat, {\n  failOnStatusCode: false\n}).then(response => {\n  expect(response.status).to.equal(400);\n});",
              "err": {},
              "uuid": "98f2b418-7d38-416c-b70d-0f1d510b2d67",
              "parentUUID": "a090f15f-6f95-4241-bcf9-e3d29c9560c0",
              "isHook": false,
              "skipped": false
            }
          ],
          "suites": [],
          "passes": [
            "ac7c3c49-4a3c-468e-b52b-be2b12f286b4",
            "98f2b418-7d38-416c-b70d-0f1d510b2d67"
          ],
          "failures": [],
          "pending": [],
          "skipped": [],
          "duration": 643,
          "root": false,
          "rootEmpty": false,
          "_timeout": 2000
        }
      ],
      "passes": [],
      "failures": [],
      "pending": [],
      "skipped": [],
      "duration": 0,
      "root": true,
      "rootEmpty": true,
      "_timeout": 2000
    }
  ],
  "meta": {
    "mocha": {
      "version": "7.2.0"
    },
    "mochawesome": {
      "options": {
        "quiet": false,
        "reportFilename": "mochawesome",
        "saveHtml": false,
        "saveJson": true,
        "consoleReporter": "spec",
        "useInlineDiffs": false,
        "code": true
      },
      "version": "7.1.4"
    },
    "marge": {
      "options": {
        "reportDir": "cypress/reports",
        "overwrite": false,
        "html": false,
        "json": true,
        "charts": true
      },
      "version": "6.3.2"
    }
  }
}